22:37:45:659  INFO 16904 --- [main] com.hmall.HMallApplication               : Starting HMallApplication using Java 11.0.12 on LAPTOP-C6F2EJ6P with PID 16904 (D:\qyp\Documents\ideaProjects\hmall\hm-service\target\classes started by qyp in D:\qyp\Documents\ideaProjects\hmall)
22:37:45:670 DEBUG 16904 --- [main] com.hmall.HMallApplication               : Running with Spring Boot v2.7.12, Spring v5.3.27
22:37:45:670  INFO 16904 --- [main] com.hmall.HMallApplication               : The following 1 profile is active: "local"
22:37:46:300  INFO 16904 --- [main] .s.d.r.c.RepositoryConfigurationDelegate : Multiple Spring Data modules found, entering strict repository configuration mode
22:37:46:302  INFO 16904 --- [main] .s.d.r.c.RepositoryConfigurationDelegate : Bootstrapping Spring Data Redis repositories in DEFAULT mode.
22:37:46:339  INFO 16904 --- [main] .s.d.r.c.RepositoryConfigurationDelegate : Finished Spring Data repository scanning in 17 ms. Found 0 Redis repository interfaces.
22:37:46:757  INFO 16904 --- [main] o.s.b.w.embedded.tomcat.TomcatWebServer  : Tomcat initialized with port(s): 8080 (http)
22:37:46:764  INFO 16904 --- [main] o.apache.catalina.core.StandardService   : Starting service [Tomcat]
22:37:46:764  INFO 16904 --- [main] org.apache.catalina.core.StandardEngine  : Starting Servlet engine: [Apache Tomcat/9.0.75]
22:37:46:870  INFO 16904 --- [main] o.a.c.c.C.[Tomcat].[localhost].[/]       : Initializing Spring embedded WebApplicationContext
22:37:46:871  INFO 16904 --- [main] w.s.c.ServletWebServerApplicationContext : Root WebApplicationContext: initialization completed in 1171 ms
22:37:48:552  INFO 16904 --- [main] pertySourcedRequestMappingHandlerMapping : Mapped URL path [/v2/api-docs] onto method [springfox.documentation.swagger2.web.Swagger2ControllerWebMvc#getDocumentation(String, HttpServletRequest)]
22:37:48:880  INFO 16904 --- [main] o.s.b.w.embedded.tomcat.TomcatWebServer  : Tomcat started on port(s): 8080 (http) with context path ''
22:37:48:880  INFO 16904 --- [main] d.s.w.p.DocumentationPluginsBootstrapper : Documentation plugins bootstrapped
22:37:48:882  INFO 16904 --- [main] d.s.w.p.DocumentationPluginsBootstrapper : Found 1 custom documentation plugin(s)
22:37:48:904  INFO 16904 --- [main] s.d.s.w.s.ApiListingReferenceScanner     : Scanning for api listing references
22:37:49:059  INFO 16904 --- [main] com.hmall.HMallApplication               : Started HMallApplication in 3.714 seconds (JVM running for 4.603)
22:37:53:036  INFO 23972 --- [main] com.hmall.HMallApplication               : Starting HMallApplication using Java 11.0.12 on LAPTOP-C6F2EJ6P with PID 23972 (D:\qyp\Documents\ideaProjects\hmall\hm-service\target\classes started by qyp in D:\qyp\Documents\ideaProjects\hmall)
22:37:53:038 DEBUG 23972 --- [main] com.hmall.HMallApplication               : Running with Spring Boot v2.7.12, Spring v5.3.27
22:37:53:038  INFO 23972 --- [main] com.hmall.HMallApplication               : The following 1 profile is active: "local"
22:37:53:630  INFO 23972 --- [main] .s.d.r.c.RepositoryConfigurationDelegate : Multiple Spring Data modules found, entering strict repository configuration mode
22:37:53:632  INFO 23972 --- [main] .s.d.r.c.RepositoryConfigurationDelegate : Bootstrapping Spring Data Redis repositories in DEFAULT mode.
22:37:53:657  INFO 23972 --- [main] .s.d.r.c.RepositoryConfigurationDelegate : Finished Spring Data repository scanning in 15 ms. Found 0 Redis repository interfaces.
22:37:54:044  INFO 23972 --- [main] o.s.b.w.embedded.tomcat.TomcatWebServer  : Tomcat initialized with port(s): 8080 (http)
22:37:54:052  INFO 23972 --- [main] o.apache.catalina.core.StandardService   : Starting service [Tomcat]
22:37:54:053  INFO 23972 --- [main] org.apache.catalina.core.StandardEngine  : Starting Servlet engine: [Apache Tomcat/9.0.75]
22:37:54:157  INFO 23972 --- [main] o.a.c.c.C.[Tomcat].[localhost].[/]       : Initializing Spring embedded WebApplicationContext
22:37:54:157  INFO 23972 --- [main] w.s.c.ServletWebServerApplicationContext : Root WebApplicationContext: initialization completed in 1090 ms
22:37:55:687  INFO 23972 --- [main] pertySourcedRequestMappingHandlerMapping : Mapped URL path [/v2/api-docs] onto method [springfox.documentation.swagger2.web.Swagger2ControllerWebMvc#getDocumentation(String, HttpServletRequest)]
22:37:55:959  INFO 23972 --- [main] o.s.b.w.embedded.tomcat.TomcatWebServer  : Tomcat started on port(s): 8080 (http) with context path ''
22:37:55:959  INFO 23972 --- [main] d.s.w.p.DocumentationPluginsBootstrapper : Documentation plugins bootstrapped
22:37:55:961  INFO 23972 --- [main] d.s.w.p.DocumentationPluginsBootstrapper : Found 1 custom documentation plugin(s)
22:37:55:986  INFO 23972 --- [main] s.d.s.w.s.ApiListingReferenceScanner     : Scanning for api listing references
22:37:56:130  INFO 23972 --- [main] com.hmall.HMallApplication               : Started HMallApplication in 3.384 seconds (JVM running for 4.222)
22:52:26:071  INFO 21576 --- [main] com.hmall.HMallApplication               : Starting HMallApplication using Java 11.0.12 on LAPTOP-C6F2EJ6P with PID 21576 (D:\qyp\Documents\ideaProjects\hmall\hm-service\target\classes started by qyp in D:\qyp\Documents\ideaProjects\hmall)
22:52:26:073 DEBUG 21576 --- [main] com.hmall.HMallApplication               : Running with Spring Boot v2.7.12, Spring v5.3.27
22:52:26:073  INFO 21576 --- [main] com.hmall.HMallApplication               : The following 1 profile is active: "local"
22:52:26:700  INFO 21576 --- [main] .s.d.r.c.RepositoryConfigurationDelegate : Multiple Spring Data modules found, entering strict repository configuration mode
22:52:26:702  INFO 21576 --- [main] .s.d.r.c.RepositoryConfigurationDelegate : Bootstrapping Spring Data Redis repositories in DEFAULT mode.
22:52:26:733  INFO 21576 --- [main] .s.d.r.c.RepositoryConfigurationDelegate : Finished Spring Data repository scanning in 17 ms. Found 0 Redis repository interfaces.
22:52:27:160  INFO 21576 --- [main] o.s.b.w.embedded.tomcat.TomcatWebServer  : Tomcat initialized with port(s): 8080 (http)
22:52:27:170  INFO 21576 --- [main] o.apache.catalina.core.StandardService   : Starting service [Tomcat]
22:52:27:170  INFO 21576 --- [main] org.apache.catalina.core.StandardEngine  : Starting Servlet engine: [Apache Tomcat/9.0.75]
22:52:27:293  INFO 21576 --- [main] o.a.c.c.C.[Tomcat].[localhost].[/]       : Initializing Spring embedded WebApplicationContext
22:52:27:293  INFO 21576 --- [main] w.s.c.ServletWebServerApplicationContext : Root WebApplicationContext: initialization completed in 1192 ms
22:52:29:200  INFO 21576 --- [main] pertySourcedRequestMappingHandlerMapping : Mapped URL path [/v2/api-docs] onto method [springfox.documentation.swagger2.web.Swagger2ControllerWebMvc#getDocumentation(String, HttpServletRequest)]
22:52:29:543  INFO 21576 --- [main] o.s.b.w.embedded.tomcat.TomcatWebServer  : Tomcat started on port(s): 8080 (http) with context path ''
22:52:29:545  INFO 21576 --- [main] d.s.w.p.DocumentationPluginsBootstrapper : Documentation plugins bootstrapped
22:52:29:549  INFO 21576 --- [main] d.s.w.p.DocumentationPluginsBootstrapper : Found 1 custom documentation plugin(s)
22:52:29:580  INFO 21576 --- [main] s.d.s.w.s.ApiListingReferenceScanner     : Scanning for api listing references
22:52:29:730  INFO 21576 --- [main] com.hmall.HMallApplication               : Started HMallApplication in 3.951 seconds (JVM running for 4.769)
